go: downloading github.com/zricethezav/gitleaks v1.25.1
go: downloading github.com/zricethezav/gitleaks/v8 v8.30.0
go: github.com/zricethezav/gitleaks/v8@v8.30.0 requires go >= 1.25.4; switching to go1.25.7
go: downloading go1.25.7 (linux/amd64)
go: downloading github.com/spf13/viper v1.19.0
go: downloading github.com/spf13/cobra v1.9.1
go: downloading github.com/rs/zerolog v1.33.0
go: downloading github.com/fatih/semgroup v1.2.0
go: downloading github.com/gitleaks/go-gitdiff v0.9.1
go: downloading github.com/h2non/filetype v1.1.3
go: downloading github.com/mholt/archives v0.1.2
go: downloading github.com/Masterminds/sprig/v3 v3.3.0
go: downloading github.com/charmbracelet/lipgloss v0.5.0
go: downloading github.com/BobuSumisu/aho-corasick v1.0.3
go: downloading github.com/hashicorp/go-version v1.7.0
go: downloading golang.org/x/exp v0.0.0-20250218142911-aa4b98e5adaa
go: downloading github.com/spf13/afero v1.12.0
go: downloading github.com/fsnotify/fsnotify v1.8.0
go: downloading github.com/mitchellh/mapstructure v1.5.0
go: downloading github.com/sagikazarmark/slog-shim v0.1.0
go: downloading github.com/spf13/cast v1.7.1
go: downloading github.com/spf13/pflag v1.0.6
go: downloading github.com/lucasb-eyer/go-colorful v1.2.0
go: downloading github.com/mattn/go-runewidth v0.0.14
go: downloading github.com/muesli/reflow v0.2.1-0.20210115123740-9e1d0d53df68
go: downloading github.com/muesli/termenv v0.15.1
go: downloading dario.cat/mergo v1.0.1
go: downloading github.com/Masterminds/goutils v1.1.1
go: downloading github.com/Masterminds/semver/v3 v3.3.0
go: downloading github.com/google/uuid v1.6.0
go: downloading github.com/huandu/xstrings v1.5.0
go: downloading github.com/mitchellh/copystructure v1.2.0
go: downloading github.com/shopspring/decimal v1.4.0
go: downloading golang.org/x/crypto v0.35.0
go: downloading github.com/subosito/gotenv v1.6.0
go: downloading github.com/hashicorp/hcl v1.0.0
go: downloading gopkg.in/ini.v1 v1.67.0
go: downloading github.com/magiconair/properties v1.8.9
go: downloading github.com/pelletier/go-toml/v2 v2.2.3
go: downloading gopkg.in/yaml.v3 v3.0.1
go: downloading github.com/STARRY-S/zip v0.2.1
go: downloading github.com/andybalholm/brotli v1.1.2-0.20250424173009-453214e765f3
go: downloading github.com/bodgit/sevenzip v1.6.0
go: downloading github.com/dsnet/compress v0.0.2-0.20230904184137-39efe44ab707
go: downloading github.com/klauspost/compress v1.17.11
go: downloading github.com/klauspost/pgzip v1.2.6
go: downloading github.com/minio/minlz v1.0.0
go: downloading github.com/nwaples/rardecode/v2 v2.1.0
go: downloading github.com/pierrec/lz4/v4 v4.1.21
go: downloading github.com/sorairolake/lzip-go v0.3.5
go: downloading github.com/therootcompany/xz v1.0.1
go: downloading github.com/ulikunitz/xz v0.5.12
go: downloading golang.org/x/text v0.22.0
go: downloading golang.org/x/sync v0.11.0
go: downloading github.com/mattn/go-colorable v0.1.14
go: downloading github.com/rivo/uniseg v0.2.0
go: downloading golang.org/x/sys v0.30.0
go: downloading github.com/aymanbagabas/go-osc52/v2 v2.0.1
go: downloading github.com/mattn/go-isatty v0.0.20
go: downloading github.com/mitchellh/reflectwalk v1.0.2
go: downloading github.com/bodgit/plumbing v1.3.0
go: downloading github.com/bodgit/windows v1.0.1
go: downloading github.com/hashicorp/go-multierror v1.1.1
go: downloading go4.org v0.0.0-20230225012048-214862532bf5
go: downloading github.com/hashicorp/golang-lru/v2 v2.0.7
go: downloading github.com/hashicorp/errwrap v1.1.0
