Downloading Chrome for Testing 145.0.7632.6 (playwright chromium v1208)[2m from https://cdn.playwright.dev/builds/cft/145.0.7632.6/linux64/chrome-linux64.zip[22m
|                                                                                |   0% of 167.3 MiB
|■■■■■■■■                                                                        |  10% of 167.3 MiB
|■■■■■■■■■■■■■■■■                                                                |  20% of 167.3 MiB
|■■■■■■■■■■■■■■■■■■■■■■■■                                                        |  30% of 167.3 MiB
|■■■■■■■■■■■■■■■■■■■■■■■■■■■■■■■■                                                |  40% of 167.3 MiB
|■■■■■■■■■■■■■■■■■■■■■■■■■■■■■■■■■■■■■■■■                                        |  50% of 167.3 MiB
|■■■■■■■■■■■■■■■■■■■■■■■■■■■■■■■■■■■■■■■■■■■■■■■■                                |  60% of 167.3 MiB
|■■■■■■■■■■■■■■■■■■■■■■■■■■■■■■■■■■■■■■■■■■■■■■■■■■■■■■■■                        |  70% of 167.3 MiB
|■■■■■■■■■■■■■■■■■■■■■■■■■■■■■■■■■■■■■■■■■■■■■■■■■■■■■■■■■■■■■■■■                |  80% of 167.3 MiB
|■■■■■■■■■■■■■■■■■■■■■■■■■■■■■■■■■■■■■■■■■■■■■■■■■■■■■■■■■■■■■■■■■■■■■■■■        |  90% of 167.3 MiB
|■■■■■■■■■■■■■■■■■■■■■■■■■■■■■■■■■■■■■■■■■■■■■■■■■■■■■■■■■■■■■■■■■■■■■■■■■■■■■■■■| 100% of 167.3 MiB
Chrome for Testing 145.0.7632.6 (playwright chromium v1208) downloaded to /root/.cache/ms-playwright/chromium-1208
Downloading FFmpeg (playwright ffmpeg v1011)[2m from https://cdn.playwright.dev/dbazure/download/playwright/builds/ffmpeg/1011/ffmpeg-linux.zip[22m
|                                                                                |   0% of 2.3 MiB
|■■■■■■■■                                                                        |  10% of 2.3 MiB
|■■■■■■■■■■■■■■■■                                                                |  20% of 2.3 MiB
|■■■■■■■■■■■■■■■■■■■■■■■■                                                        |  30% of 2.3 MiB
|■■■■■■■■■■■■■■■■■■■■■■■■■■■■■■■■                                                |  40% of 2.3 MiB
|■■■■■■■■■■■■■■■■■■■■■■■■■■■■■■■■■■■■■■■■                                        |  50% of 2.3 MiB
|■■■■■■■■■■■■■■■■■■■■■■■■■■■■■■■■■■■■■■■■■■■■■■■■                                |  60% of 2.3 MiB
|■■■■■■■■■■■■■■■■■■■■■■■■■■■■■■■■■■■■■■■■■■■■■■■■■■■■■■■■                        |  70% of 2.3 MiB
|■■■■■■■■■■■■■■■■■■■■■■■■■■■■■■■■■■■■■■■■■■■■■■■■■■■■■■■■■■■■■■■■                |  80% of 2.3 MiB
|■■■■■■■■■■■■■■■■■■■■■■■■■■■■■■■■■■■■■■■■■■■■■■■■■■■■■■■■■■■■■■■■■■■■■■■■        |  90% of 2.3 MiB
|■■■■■■■■■■■■■■■■■■■■■■■■■■■■■■■■■■■■■■■■■■■■■■■■■■■■■■■■■■■■■■■■■■■■■■■■■■■■■■■■| 100% of 2.3 MiB
FFmpeg (playwright ffmpeg v1011) downloaded to /root/.cache/ms-playwright/ffmpeg-1011
Downloading Chrome Headless Shell 145.0.7632.6 (playwright chromium-headless-shell v1208)[2m from https://cdn.playwright.dev/builds/cft/145.0.7632.6/linux64/chrome-headless-shell-linux64.zip[22m
|                                                                                |   0% of 110.9 MiB
|■■■■■■■■                                                                        |  10% of 110.9 MiB
|■■■■■■■■■■■■■■■■                                                                |  20% of 110.9 MiB
|■■■■■■■■■■■■■■■■■■■■■■■■                                                        |  30% of 110.9 MiB
|■■■■■■■■■■■■■■■■■■■■■■■■■■■■■■■■                                                |  40% of 110.9 MiB
|■■■■■■■■■■■■■■■■■■■■■■■■■■■■■■■■■■■■■■■■                                        |  50% of 110.9 MiB
|■■■■■■■■■■■■■■■■■■■■■■■■■■■■■■■■■■■■■■■■■■■■■■■■                                |  60% of 110.9 MiB
|■■■■■■■■■■■■■■■■■■■■■■■■■■■■■■■■■■■■■■■■■■■■■■■■■■■■■■■■                        |  70% of 110.9 MiB
|■■■■■■■■■■■■■■■■■■■■■■■■■■■■■■■■■■■■■■■■■■■■■■■■■■■■■■■■■■■■■■■■                |  80% of 110.9 MiB
|■■■■■■■■■■■■■■■■■■■■■■■■■■■■■■■■■■■■■■■■■■■■■■■■■■■■■■■■■■■■■■■■■■■■■■■■        |  90% of 110.9 MiB
|■■■■■■■■■■■■■■■■■■■■■■■■■■■■■■■■■■■■■■■■■■■■■■■■■■■■■■■■■■■■■■■■■■■■■■■■■■■■■■■■| 100% of 110.9 MiB
Chrome Headless Shell 145.0.7632.6 (playwright chromium-headless-shell v1208) downloaded to /root/.cache/ms-playwright/chromium_headless_shell-1208
Downloading Firefox 146.0.1 (playwright firefox v1509)[2m from https://cdn.playwright.dev/dbazure/download/playwright/builds/firefox/1509/firefox-ubuntu-24.04.zip[22m
|                                                                                |   0% of 99.5 MiB
|■■■■■■■■                                                                        |  10% of 99.5 MiB
|■■■■■■■■■■■■■■■■                                                                |  20% of 99.5 MiB
|■■■■■■■■■■■■■■■■■■■■■■■■                                                        |  30% of 99.5 MiB
|■■■■■■■■■■■■■■■■■■■■■■■■■■■■■■■■                                                |  40% of 99.5 MiB
|■■■■■■■■■■■■■■■■■■■■■■■■■■■■■■■■■■■■■■■■                                        |  50% of 99.5 MiB
|■■■■■■■■■■■■■■■■■■■■■■■■■■■■■■■■■■■■■■■■■■■■■■■■                                |  60% of 99.5 MiB
|■■■■■■■■■■■■■■■■■■■■■■■■■■■■■■■■■■■■■■■■■■■■■■■■■■■■■■■■                        |  70% of 99.5 MiB
|■■■■■■■■■■■■■■■■■■■■■■■■■■■■■■■■■■■■■■■■■■■■■■■■■■■■■■■■■■■■■■■■                |  80% of 99.5 MiB
|■■■■■■■■■■■■■■■■■■■■■■■■■■■■■■■■■■■■■■■■■■■■■■■■■■■■■■■■■■■■■■■■■■■■■■■■        |  90% of 99.5 MiB
|■■■■■■■■■■■■■■■■■■■■■■■■■■■■■■■■■■■■■■■■■■■■■■■■■■■■■■■■■■■■■■■■■■■■■■■■■■■■■■■■| 100% of 99.5 MiB
Firefox 146.0.1 (playwright firefox v1509) downloaded to /root/.cache/ms-playwright/firefox-1509
Playwright Host validation warning: 
╔══════════════════════════════════════════════════════╗
║ Host system is missing dependencies to run browsers. ║
║ Please install them with the following command:      ║
║                                                      ║
║     pnpm exec playwright install-deps                ║
║                                                      ║
║ Alternatively, use apt:                              ║
║     apt-get install libx11-xcb1\                     ║
║         libxrandr2\                                  ║
║         libxcomposite1\                              ║
║         libxcursor1\                                 ║
║         libxdamage1\                                 ║
║         libxfixes3\                                  ║
║         libxi6\                                      ║
║         libgtk-3-0t64\                               ║
║         libatk1.0-0t64\                              ║
║         libcairo-gobject2\                           ║
║         libgdk-pixbuf-2.0-0\                         ║
║         libasound2t64                                ║
║                                                      ║
║ <3 Playwright Team                                   ║
╚══════════════════════════════════════════════════════╝
    at validateDependenciesLinux (/workspace/asdev-persiantoolbox/node_modules/.pnpm/playwright-core@1.58.1/node_modules/playwright-core/lib/server/registry/dependencies.js:269:9)
    at process.processTicksAndRejections (node:internal/process/task_queues:95:5)
    at async Registry._validateHostRequirements (/workspace/asdev-persiantoolbox/node_modules/.pnpm/playwright-core@1.58.1/node_modules/playwright-core/lib/server/registry/index.js:991:14)
    at async Registry._validateHostRequirementsForExecutableIfNeeded (/workspace/asdev-persiantoolbox/node_modules/.pnpm/playwright-core@1.58.1/node_modules/playwright-core/lib/server/registry/index.js:1113:7)
    at async Registry.validateHostRequirementsForExecutablesIfNeeded (/workspace/asdev-persiantoolbox/node_modules/.pnpm/playwright-core@1.58.1/node_modules/playwright-core/lib/server/registry/index.js:1102:7)
    at async i.<anonymous> (/workspace/asdev-persiantoolbox/node_modules/.pnpm/playwright-core@1.58.1/node_modules/playwright-core/lib/cli/program.js:174:7)
