âœ…  .lighthouseci/ directory writable
âœ…  Configuration file found
âœ…  Chrome installation found
Healthcheck passed!

Started a web server with "pnpm start:prod"...
Running Lighthouse 3 time(s) on http://localhost:3000/
Run #1...done.
Run #2...done.
Run #3...done.
Running Lighthouse 3 time(s) on http://localhost:3000/tools
Run #1...done.
Run #2...done.
Run #3...done.
Running Lighthouse 3 time(s) on http://localhost:3000/topics
Run #1...done.
Run #2...done.
Run #3...done.
Running Lighthouse 3 time(s) on http://localhost:3000/pdf-tools/merge/merge-pdf
Run #1...done.
Run #2...done.
Run #3...done.
Running Lighthouse 3 time(s) on http://localhost:3000/image-tools
Run #1...done.
Run #2...done.
Run #3...done.
Running Lighthouse 3 time(s) on http://localhost:3000/date-tools
Run #1...done.
Run #2...done.
Run #3...done.
Running Lighthouse 3 time(s) on http://localhost:3000/loan
Run #1...done.
Run #2...done.
Run #3...done.
Running Lighthouse 3 time(s) on http://localhost:3000/salary
Run #1...done.
Run #2...done.
Run #3...done.
Running Lighthouse 3 time(s) on http://localhost:3000/offline
Run #1...done.
Run #2...done.
Run #3...done.
Done running Lighthouse!

Checking assertions against 9 URL(s), 27 total run(s)

1 result(s) for [1mhttp://localhost:3000/[0m :

  âš ï¸  [1mcategories[0m.performance warning for [1mminScore[0m assertion
        expected: >=[32m0.82[0m
           found: [31m0.51[0m
      [2mall values: 0.51, 0.38, 0.4[0m

1 result(s) for [1mhttp://localhost:3000/tools[0m :

  âš ï¸  [1mcategories[0m.performance warning for [1mminScore[0m assertion
        expected: >=[32m0.82[0m
           found: [31m0.46[0m
      [2mall values: 0.46, 0.44, 0.45[0m

1 result(s) for [1mhttp://localhost:3000/topics[0m :

  âš ï¸  [1mcategories[0m.performance warning for [1mminScore[0m assertion
        expected: >=[32m0.82[0m
           found: [31m0.45[0m
      [2mall values: 0.45, 0.44, 0.44[0m

1 result(s) for [1mhttp://localhost:3000/pdf-tools/merge/merge-pdf[0m :

  âš ï¸  [1mcategories[0m.performance warning for [1mminScore[0m assertion
        expected: >=[32m0.82[0m
           found: [31m0.72[0m
      [2mall values: 0.72, 0.72, 0.7[0m

1 result(s) for [1mhttp://localhost:3000/image-tools[0m :

  âš ï¸  [1mcategories[0m.performance warning for [1mminScore[0m assertion
        expected: >=[32m0.82[0m
           found: [31m0.45[0m
      [2mall values: 0.45, 0.45, 0.43[0m

1 result(s) for [1mhttp://localhost:3000/date-tools[0m :

  âš ï¸  [1mcategories[0m.performance warning for [1mminScore[0m assertion
        expected: >=[32m0.82[0m
           found: [31m0.75[0m
      [2mall values: 0.66, 0.46, 0.75[0m

1 result(s) for [1mhttp://localhost:3000/loan[0m :

  âš ï¸  [1mcategories[0m.performance warning for [1mminScore[0m assertion
        expected: >=[32m0.82[0m
           found: [31m0.45[0m
      [2mall values: 0.45, 0.43, 0.44[0m

1 result(s) for [1mhttp://localhost:3000/salary[0m :

  âš ï¸  [1mcategories[0m.performance warning for [1mminScore[0m assertion
        expected: >=[32m0.82[0m
           found: [31m0.42[0m
      [2mall values: 0.4, 0.42, 0.42[0m

1 result(s) for [1mhttp://localhost:3000/offline[0m :

  âš ï¸  [1mcategories[0m.performance warning for [1mminScore[0m assertion
        expected: >=[32m0.82[0m
           found: [31m0.8[0m
      [2mall values: 0.8, 0.8, 0.79[0m

All results processed!

Done running autorun.
